<?xml version="1.0" encoding="UTF-8"?>
<!-- Generated by org.testng.reporters.JUnitReportReporter -->
<testsuite hostname="VASUNDHARA" failures="0" tests="1" name="mavantestng.NewTestng" time="6.364" errors="0" timestamp="2022-12-09T15:55:31 IST" skipped="0">
  <testcase classname="mavantestng.NewTestng" name="Action" time="6.364"/>
  <system-out/>
</testsuite> <!-- mavantestng.NewTestng -->
