<?xml version="1.0" encoding="UTF-8"?>
<!-- Generated by org.testng.reporters.JUnitReportReporter -->
<testsuite hostname="VASUNDHARA" failures="0" tests="1" name="mavantestng.NewTestng2" time="0.011" errors="0" timestamp="2022-12-09T15:54:50 IST" skipped="0">
  <testcase classname="mavantestng.NewTestng2" name="f" time="0.011"/>
  <system-out/>
</testsuite> <!-- mavantestng.NewTestng2 -->
