<?xml version="1.0" encoding="UTF-8"?>
<!-- Generated by org.testng.reporters.JUnitReportReporter -->
<testsuite hostname="VASUNDHARA" failures="0" tests="3" name="vasu2021.Uplodingafile" time="58.588" errors="0" timestamp="2023-01-06T14:09:33 IST" skipped="2">
  <testcase classname="vasu2021.Uplodingafile" name="Window" time="58.588"/>
  <system-out/>
  <testcase classname="vasu2021.Uplodingafile" name="uploading">
    <skipped/>
  </testcase> <!-- uploading -->
  <system-out/>
  <testcase classname="vasu2021.Uplodingafile" name="Alerts">
    <skipped/>
  </testcase> <!-- Alerts -->
  <system-out/>
</testsuite> <!-- vasu2021.Uplodingafile -->
