<?xml version="1.0" encoding="UTF-8"?>
<!-- Generated by org.testng.reporters.JUnitReportReporter -->
<testsuite hostname="VASUNDHARA" failures="0" tests="2" name="vasu2021.Grouptesting" time="0.029" errors="0" timestamp="2023-01-19T23:00:02 IST" skipped="0">
  <testcase classname="vasu2021.Grouptesting" name="testcase1" time="0.022"/>
  <system-out/>
  <testcase classname="vasu2021.Grouptesting" name="testcase3" time="0.007"/>
  <system-out/>
</testsuite> <!-- vasu2021.Grouptesting -->
