<?xml version="1.0" encoding="UTF-8"?>
<!-- Generated by org.testng.reporters.JUnitReportReporter -->
<testsuite hostname="VASUNDHARA" failures="0" tests="2" name="vasu2021.dataprovider" time="26.748" errors="0" timestamp="2023-01-07T11:41:24 IST" skipped="0">
  <testcase classname="vasu2021.dataprovider" name="data_provider" time="13.494"/>
  <system-out/>
  <testcase classname="vasu2021.dataprovider" name="data_provider" time="13.254"/>
  <system-out/>
</testsuite> <!-- vasu2021.dataprovider -->
